<?xml version="1.0" encoding="UTF-8"?>
<!-- Generated by org.testng.reporters.JUnitReportReporter -->
<testsuite hostname="LAPTOP-KGDMBK1V" failures="0" tests="12" name="com.runner.RunnerTest" time="2.695" errors="0" timestamp="2021-12-09T20:40:21 IST" skipped="0">
  <testcase classname="com.runner.RunnerTest" name="runScenario" time="0.078"/>
  <system-out/>
  <testcase classname="com.runner.RunnerTest" name="runScenario" time="0.717"/>
  <system-out/>
  <testcase classname="com.runner.RunnerTest" name="runScenario" time="0.032"/>
  <system-out/>
  <testcase classname="com.runner.RunnerTest" name="runScenario" time="0.065"/>
  <system-out/>
  <testcase classname="com.runner.RunnerTest" name="runScenario" time="0.043"/>
  <system-out/>
  <testcase classname="com.runner.RunnerTest" name="runScenario" time="0.019"/>
  <system-out/>
  <testcase classname="com.runner.RunnerTest" name="runScenario" time="0.060"/>
  <system-out/>
  <testcase classname="com.runner.RunnerTest" name="runScenario" time="0.047"/>
  <system-out/>
  <testcase classname="com.runner.RunnerTest" name="runScenario" time="1.580"/>
  <system-out/>
  <testcase classname="com.runner.RunnerTest" name="runScenario" time="0.009"/>
  <system-out/>
  <testcase classname="com.runner.RunnerTest" name="runScenario" time="0.030"/>
  <system-out/>
  <testcase classname="com.runner.RunnerTest" name="runScenario" time="0.015"/>
  <system-out/>
</testsuite> <!-- com.runner.RunnerTest -->
