<?xml version="1.0" encoding="UTF-8"?>
<!-- Generated by org.testng.reporters.JUnitReportReporter -->
<testsuite hostname="LAPTOP-KGDMBK1V" failures="0" tests="4" name="com.testingshastra.util.Runner" time="0.405" errors="0" timestamp="2021-11-30T21:57:37 IST" skipped="0">
  <testcase classname="com.testingshastra.util.Runner" name="runScenario" time="0.300"/>
  <system-out/>
  <testcase classname="com.testingshastra.util.Runner" name="runScenario" time="0.030"/>
  <system-out/>
  <testcase classname="com.testingshastra.util.Runner" name="runScenario" time="0.041"/>
  <system-out/>
  <testcase classname="com.testingshastra.util.Runner" name="runScenario" time="0.034"/>
  <system-out/>
</testsuite> <!-- com.testingshastra.util.Runner -->
