<?xml version="1.0" encoding="UTF-8"?>
<!-- Generated by org.testng.reporters.JUnitReportReporter -->
<testsuite hostname="LAPTOP-KGDMBK1V" failures="0" tests="12" name="com.runner.RunnerTest" time="3.253" errors="0" timestamp="2021-12-10T15:55:10 IST" skipped="0">
  <testcase classname="com.runner.RunnerTest" name="runScenario" time="0.036"/>
  <system-out/>
  <testcase classname="com.runner.RunnerTest" name="runScenario" time="0.056"/>
  <system-out/>
  <testcase classname="com.runner.RunnerTest" name="runScenario" time="0.057"/>
  <system-out/>
  <testcase classname="com.runner.RunnerTest" name="runScenario" time="0.853"/>
  <system-out/>
  <testcase classname="com.runner.RunnerTest" name="runScenario" time="0.070"/>
  <system-out/>
  <testcase classname="com.runner.RunnerTest" name="runScenario" time="0.091"/>
  <system-out/>
  <testcase classname="com.runner.RunnerTest" name="runScenario" time="0.010"/>
  <system-out/>
  <testcase classname="com.runner.RunnerTest" name="runScenario" time="0.014"/>
  <system-out/>
  <testcase classname="com.runner.RunnerTest" name="runScenario" time="0.024"/>
  <system-out/>
  <testcase classname="com.runner.RunnerTest" name="runScenario" time="0.013"/>
  <system-out/>
  <testcase classname="com.runner.RunnerTest" name="runScenario" time="0.052"/>
  <system-out/>
  <testcase classname="com.runner.RunnerTest" name="runScenario" time="1.977"/>
  <system-out/>
</testsuite> <!-- com.runner.RunnerTest -->
